<?xml version="1.0" encoding="UTF-8"?>
<!-- Generated by org.testng.reporters.JUnitReportReporter -->
<testsuite skipped="0" hostname="LAPTOP-CDSAINQ3" name="com.qa.Tests.LoginPageTest" tests="2" failures="0" timestamp="11 Jan 2018 04:30:53 GMT" time="38.478" errors="0">
  <testcase name="loginPageTitleTest" time="9.015" classname="com.qa.Tests.LoginPageTest"/>
  <testcase name="loginTest" time="29.463" classname="com.qa.Tests.LoginPageTest"/>
</testsuite> <!-- com.qa.Tests.LoginPageTest -->
