<?xml version="1.0" encoding="UTF-8"?>
<!-- Generated by org.testng.reporters.JUnitReportReporter -->
<testsuite skipped="0" hostname="LAPTOP-CDSAINQ3" name="com.qa.Tests.HomePageTest" tests="3" failures="0" timestamp="17 Jan 2018 03:06:50 GMT" time="50.615" errors="0">
  <testcase name="verifyHomePageTitle" time="16.614" classname="com.qa.Tests.HomePageTest"/>
  <testcase name="verifyUserNameTest" time="15.016" classname="com.qa.Tests.HomePageTest"/>
  <testcase name="verifyContactlinkTest" time="18.985" classname="com.qa.Tests.HomePageTest"/>
</testsuite> <!-- com.qa.Tests.HomePageTest -->
